1594687043565	mozrunner::runner	INFO	Running command: "D:\\Program Files (x86)\\Mozilla Firefox\\firefox.exe" "-marionette" "-foreground" "-no-remote" "-profile" "C:\\Users\\ESTEVA~1.SAN\\AppData\\Local\\Temp\\rust_mozprofilelpDJwQ"
JavaScript error: resource://gre/modules/XULStore.jsm, line 66: Error: Can't find profile directory.
1594687046027	Marionette	INFO	Listening on port 58519
1594687046183	Marionette	WARN	TLS certificate errors will be ignored for this session
1594687052213	Marionette	INFO	Stopped listening on port 58519

###!!! [Child][RunMessage] Error: Channel closing: too late to send/recv, messages will be lost


###!!! [Child][MessageChannel::SendAndWait] Error: Channel error: cannot send/recv

1594687098466	mozrunner::runner	INFO	Running command: "D:\\Program Files (x86)\\Mozilla Firefox\\firefox.exe" "-marionette" "-foreground" "-no-remote" "-profile" "C:\\Users\\ESTEVA~1.SAN\\AppData\\Local\\Temp\\rust_mozprofileV74Q07"
JavaScript error: resource://gre/modules/XULStore.jsm, line 66: Error: Can't find profile directory.
1594687100347	Marionette	INFO	Listening on port 58572
1594687100502	Marionette	WARN	TLS certificate errors will be ignored for this session
console.error: "Store does not have a valid reducer. Make sure the argument passed to combineReducers is an object whose values are reducers."
1594687193927	Marionette	INFO	Stopped listening on port 58572

###!!! [Child][RunMessage] Error: Channel closing: too late to send/recv, messages will be lost


###!!! [Child][MessageChannel::SendAndWait] Error: Channel error: cannot send/recv

1594687222565	mozrunner::runner	INFO	Running command: "D:\\Program Files (x86)\\Mozilla Firefox\\firefox.exe" "-marionette" "-foreground" "-no-remote" "-profile" "C:\\Users\\ESTEVA~1.SAN\\AppData\\Local\\Temp\\rust_mozprofilelFEECA"
JavaScript error: resource://gre/modules/XULStore.jsm, line 66: Error: Can't find profile directory.
1594687224488	Marionette	INFO	Listening on port 58630
1594687224586	Marionette	WARN	TLS certificate errors will be ignored for this session
console.error: "Store does not have a valid reducer. Make sure the argument passed to combineReducers is an object whose values are reducers."
1594687298548	Marionette	INFO	Stopped listening on port 58630

###!!! [Child][RunMessage] Error: Channel closing: too late to send/recv, messages will be lost


###!!! [Child][MessageChannel::SendAndWait] Error: Channel error: cannot send/recv

1594687306224	mozrunner::runner	INFO	Running command: "D:\\Program Files (x86)\\Mozilla Firefox\\firefox.exe" "-marionette" "-foreground" "-no-remote" "-profile" "C:\\Users\\ESTEVA~1.SAN\\AppData\\Local\\Temp\\rust_mozprofileI3KDwO"
JavaScript error: resource://gre/modules/XULStore.jsm, line 66: Error: Can't find profile directory.
1594687308146	Marionette	INFO	Listening on port 58695
1594687308235	Marionette	WARN	TLS certificate errors will be ignored for this session
1594687573355	Marionette	INFO	Stopped listening on port 58695

###!!! [Child][RunMessage] Error: Channel closing: too late to send/recv, messages will be lost


###!!! [Child][MessageChannel::SendAndWait] Error: Channel error: cannot send/recv

1594687580153	mozrunner::runner	INFO	Running command: "D:\\Program Files (x86)\\Mozilla Firefox\\firefox.exe" "-marionette" "-foreground" "-no-remote" "-profile" "C:\\Users\\ESTEVA~1.SAN\\AppData\\Local\\Temp\\rust_mozprofilehR1zRJ"
JavaScript error: resource://gre/modules/XULStore.jsm, line 66: Error: Can't find profile directory.
1594687582139	Marionette	INFO	Listening on port 58769
1594687582168	Marionette	WARN	TLS certificate errors will be ignored for this session
1594687587724	Marionette	INFO	Stopped listening on port 58769

###!!! [Child][RunMessage] Error: Channel closing: too late to send/recv, messages will be lost


###!!! [Child][MessageChannel::SendAndWait] Error: Channel error: cannot send/recv

1594687878431	mozrunner::runner	INFO	Running command: "D:\\Program Files (x86)\\Mozilla Firefox\\firefox.exe" "-marionette" "-foreground" "-no-remote" "-profile" "C:\\Users\\ESTEVA~1.SAN\\AppData\\Local\\Temp\\rust_mozprofileIqWSiJ"
JavaScript error: resource://gre/modules/XULStore.jsm, line 66: Error: Can't find profile directory.
1594687880356	Marionette	INFO	Listening on port 58883
1594687880449	Marionette	WARN	TLS certificate errors will be ignored for this session
1594687888369	Marionette	INFO	Stopped listening on port 58883

###!!! [Child][RunMessage] Error: Channel closing: too late to send/recv, messages will be lost


###!!! [Child][MessageChannel::SendAndWait] Error: Channel error: cannot send/recv

1594687964919	mozrunner::runner	INFO	Running command: "D:\\Program Files (x86)\\Mozilla Firefox\\firefox.exe" "-marionette" "-foreground" "-no-remote" "-profile" "C:\\Users\\ESTEVA~1.SAN\\AppData\\Local\\Temp\\rust_mozprofilek8cPli"
JavaScript error: resource://gre/modules/XULStore.jsm, line 66: Error: Can't find profile directory.
1594687966589	Marionette	INFO	Listening on port 58950
1594687966950	Marionette	WARN	TLS certificate errors will be ignored for this session
JavaScript warning: https://duckduckgo.com/d2825.js, line 1: unreachable code after return statement
JavaScript warning: https://duckduckgo.com/d2825.js, line 1: unreachable code after return statement
JavaScript warning: https://duckduckgo.com/d2825.js, line 1: unreachable code after return statement
console.warn: LoginRecipes: "getRecipes: falling back to a synchronous message for:" "https://duckduckgo.com"
console.error: "Store does not have a valid reducer. Make sure the argument passed to combineReducers is an object whose values are reducers."
1594688007417	Marionette	INFO	Stopped listening on port 58950

###!!! [Child][RunMessage] Error: Channel closing: too late to send/recv, messages will be lost


###!!! [Child][MessageChannel::SendAndWait] Error: Channel error: cannot send/recv

1594688012813	mozrunner::runner	INFO	Running command: "D:\\Program Files (x86)\\Mozilla Firefox\\firefox.exe" "-marionette" "-foreground" "-no-remote" "-profile" "C:\\Users\\ESTEVA~1.SAN\\AppData\\Local\\Temp\\rust_mozprofileSeibxJ"
JavaScript error: resource://gre/modules/XULStore.jsm, line 66: Error: Can't find profile directory.
1594688014738	Marionette	INFO	Listening on port 58997
1594688014859	Marionette	WARN	TLS certificate errors will be ignored for this session
JavaScript warning: https://duckduckgo.com/d2825.js, line 1: unreachable code after return statement
JavaScript warning: https://duckduckgo.com/d2825.js, line 1: unreachable code after return statement
JavaScript warning: https://duckduckgo.com/d2825.js, line 1: unreachable code after return statement
JavaScript warning: https://duckduckgo.com/d2825.js, line 1: unreachable code after return statement
JavaScript warning: https://duckduckgo.com/d2825.js, line 1: unreachable code after return statement
JavaScript warning: https://duckduckgo.com/d2825.js, line 1: unreachable code after return statement
JavaScript warning: https://duckduckgo.com/d2825.js, line 1: unreachable code after return statement
JavaScript warning: https://duckduckgo.com/d2825.js, line 1: unreachable code after return statement
JavaScript warning: https://duckduckgo.com/d2825.js, line 1: unreachable code after return statement
console.error: "Store does not have a valid reducer. Make sure the argument passed to combineReducers is an object whose values are reducers."
SourceActor threw an exception: [Exception... "Component returned failure code: 0x80470002 (NS_BASE_STREAM_CLOSED) [nsIInputStream.available]"  nsresult: "0x80470002 (NS_BASE_STREAM_CLOSED)"  location: "JS frame :: resource://devtools/shared/DevToolsUtils.js :: onResponse :: line 558"  data: no]
Stack: onResponse@resource://devtools/shared/DevToolsUtils.js:558:34
onStopRequest@resource://gre/modules/NetUtil.jsm:128:18
Line: 558, column: 0
console.error: ({})
JavaScript error: resource://devtools/shared/DevToolsUtils.js, line 558: NS_BASE_STREAM_CLOSED: Component returned failure code: 0x80470002 (NS_BASE_STREAM_CLOSED) [nsIInputStream.available]
1594688090570	Marionette	INFO	Stopped listening on port 58997

###!!! [Child][RunMessage] Error: Channel closing: too late to send/recv, messages will be lost


###!!! [Child][MessageChannel::SendAndWait] Error: Channel error: cannot send/recv

1594688097680	mozrunner::runner	INFO	Running command: "D:\\Program Files (x86)\\Mozilla Firefox\\firefox.exe" "-marionette" "-foreground" "-no-remote" "-profile" "C:\\Users\\ESTEVA~1.SAN\\AppData\\Local\\Temp\\rust_mozprofilegX3HI7"
JavaScript error: resource://gre/modules/XULStore.jsm, line 66: Error: Can't find profile directory.
1594688099737	Marionette	INFO	Listening on port 59071
1594688099801	Marionette	WARN	TLS certificate errors will be ignored for this session
JavaScript warning: https://duckduckgo.com/d2825.js, line 1: unreachable code after return statement
JavaScript warning: https://duckduckgo.com/d2825.js, line 1: unreachable code after return statement
JavaScript warning: https://duckduckgo.com/d2825.js, line 1: unreachable code after return statement
1594688112510	Marionette	INFO	Stopped listening on port 59071

###!!! [Child][RunMessage] Error: Channel closing: too late to send/recv, messages will be lost


###!!! [Child][MessageChannel::SendAndWait] Error: Channel error: cannot send/recv

1594688211567	mozrunner::runner	INFO	Running command: "D:\\Program Files (x86)\\Mozilla Firefox\\firefox.exe" "-marionette" "-foreground" "-no-remote" "-profile" "C:\\Users\\ESTEVA~1.SAN\\AppData\\Local\\Temp\\rust_mozprofileZO6RIH"
JavaScript error: resource://gre/modules/XULStore.jsm, line 66: Error: Can't find profile directory.
1594688213505	Marionette	INFO	Listening on port 59154
1594688213589	Marionette	WARN	TLS certificate errors will be ignored for this session
JavaScript warning: https://duckduckgo.com/d2825.js, line 1: unreachable code after return statement
JavaScript warning: https://duckduckgo.com/d2825.js, line 1: unreachable code after return statement
JavaScript warning: https://duckduckgo.com/d2825.js, line 1: unreachable code after return statement
1594688261810	Marionette	INFO	Stopped listening on port 59154

###!!! [Child][RunMessage] Error: Channel closing: too late to send/recv, messages will be lost


###!!! [Child][MessageChannel::SendAndWait] Error: Channel error: cannot send/recv

1594688265832	mozrunner::runner	INFO	Running command: "D:\\Program Files (x86)\\Mozilla Firefox\\firefox.exe" "-marionette" "-foreground" "-no-remote" "-profile" "C:\\Users\\ESTEVA~1.SAN\\AppData\\Local\\Temp\\rust_mozprofileBNyCb5"
JavaScript error: resource://gre/modules/XULStore.jsm, line 66: Error: Can't find profile directory.
1594688267752	Marionette	INFO	Listening on port 59203
1594688267858	Marionette	WARN	TLS certificate errors will be ignored for this session
JavaScript warning: https://duckduckgo.com/d2825.js, line 1: unreachable code after return statement
JavaScript warning: https://duckduckgo.com/d2825.js, line 1: unreachable code after return statement
JavaScript warning: https://duckduckgo.com/d2825.js, line 1: unreachable code after return statement
JavaScript warning: https://duckduckgo.com/d2825.js, line 1: unreachable code after return statement
JavaScript warning: https://duckduckgo.com/d2825.js, line 1: unreachable code after return statement
JavaScript warning: https://duckduckgo.com/d2825.js, line 1: unreachable code after return statement
JavaScript warning: https://duckduckgo.com/d2825.js, line 1: unreachable code after return statement
JavaScript warning: https://duckduckgo.com/d2825.js, line 1: unreachable code after return statement
JavaScript warning: https://duckduckgo.com/d2825.js, line 1: unreachable code after return statement
console.error: "Store does not have a valid reducer. Make sure the argument passed to combineReducers is an object whose values are reducers."
SourceActor threw an exception: [Exception... "Component returned failure code: 0x80470002 (NS_BASE_STREAM_CLOSED) [nsIInputStream.available]"  nsresult: "0x80470002 (NS_BASE_STREAM_CLOSED)"  location: "JS frame :: resource://devtools/shared/DevToolsUtils.js :: onResponse :: line 558"  data: no]
Stack: onResponse@resource://devtools/shared/DevToolsUtils.js:558:34
onStopRequest@resource://gre/modules/NetUtil.jsm:128:18
Line: 558, column: 0
console.error: ({})
JavaScript error: resource://devtools/shared/DevToolsUtils.js, line 558: NS_BASE_STREAM_CLOSED: Component returned failure code: 0x80470002 (NS_BASE_STREAM_CLOSED) [nsIInputStream.available]
1594688333737	Marionette	INFO	Stopped listening on port 59203

###!!! [Child][RunMessage] Error: Channel closing: too late to send/recv, messages will be lost


###!!! [Child][MessageChannel::SendAndWait] Error: Channel error: cannot send/recv

1594688338169	mozrunner::runner	INFO	Running command: "D:\\Program Files (x86)\\Mozilla Firefox\\firefox.exe" "-marionette" "-foreground" "-no-remote" "-profile" "C:\\Users\\ESTEVA~1.SAN\\AppData\\Local\\Temp\\rust_mozprofilelWvejL"
JavaScript error: resource://gre/modules/XULStore.jsm, line 66: Error: Can't find profile directory.
1594688340161	Marionette	INFO	Listening on port 59267
1594688340184	Marionette	WARN	TLS certificate errors will be ignored for this session
JavaScript warning: https://duckduckgo.com/d2825.js, line 1: unreachable code after return statement
JavaScript warning: https://duckduckgo.com/d2825.js, line 1: unreachable code after return statement
JavaScript warning: https://duckduckgo.com/d2825.js, line 1: unreachable code after return statement
JavaScript warning: https://duckduckgo.com/d2825.js, line 1: unreachable code after return statement
JavaScript warning: https://duckduckgo.com/d2825.js, line 1: unreachable code after return statement
JavaScript warning: https://duckduckgo.com/d2825.js, line 1: unreachable code after return statement
JavaScript warning: https://duckduckgo.com/d2825.js, line 1: unreachable code after return statement
JavaScript warning: https://duckduckgo.com/d2825.js, line 1: unreachable code after return statement
JavaScript warning: https://duckduckgo.com/d2825.js, line 1: unreachable code after return statement
1594688353902	Marionette	INFO	Stopped listening on port 59267

###!!! [Child][RunMessage] Error: Channel closing: too late to send/recv, messages will be lost


###!!! [Child][MessageChannel::SendAndWait] Error: Channel error: cannot send/recv

1594688454179	mozrunner::runner	INFO	Running command: "D:\\Program Files (x86)\\Mozilla Firefox\\firefox.exe" "-marionette" "-foreground" "-no-remote" "-profile" "C:\\Users\\ESTEVA~1.SAN\\AppData\\Local\\Temp\\rust_mozprofileSUKUZE"
JavaScript error: resource://gre/modules/XULStore.jsm, line 66: Error: Can't find profile directory.
1594688456098	Marionette	INFO	Listening on port 59389
1594688456213	Marionette	WARN	TLS certificate errors will be ignored for this session
JavaScript warning: https://duckduckgo.com/d2825.js, line 1: unreachable code after return statement
JavaScript warning: https://duckduckgo.com/d2825.js, line 1: unreachable code after return statement
JavaScript warning: https://duckduckgo.com/d2825.js, line 1: unreachable code after return statement
JavaScript warning: https://duckduckgo.com/d2825.js, line 1: unreachable code after return statement
JavaScript warning: https://duckduckgo.com/d2825.js, line 1: unreachable code after return statement
JavaScript warning: https://duckduckgo.com/d2825.js, line 1: unreachable code after return statement
JavaScript warning: https://duckduckgo.com/d2825.js, line 1: unreachable code after return statement
JavaScript warning: https://duckduckgo.com/d2825.js, line 1: unreachable code after return statement
JavaScript warning: https://duckduckgo.com/d2825.js, line 1: unreachable code after return statement
1594688477305	Marionette	INFO	Stopped listening on port 59389

###!!! [Child][RunMessage] Error: Channel closing: too late to send/recv, messages will be lost


###!!! [Child][MessageChannel::SendAndWait] Error: Channel error: cannot send/recv

1594688481161	mozrunner::runner	INFO	Running command: "D:\\Program Files (x86)\\Mozilla Firefox\\firefox.exe" "-marionette" "-foreground" "-no-remote" "-profile" "C:\\Users\\ESTEVA~1.SAN\\AppData\\Local\\Temp\\rust_mozprofileNW6MgS"
JavaScript error: resource://gre/modules/XULStore.jsm, line 66: Error: Can't find profile directory.
1594688483080	Marionette	INFO	Listening on port 59445
1594688483180	Marionette	WARN	TLS certificate errors will be ignored for this session
JavaScript warning: https://duckduckgo.com/d2825.js, line 1: unreachable code after return statement
JavaScript warning: https://duckduckgo.com/d2825.js, line 1: unreachable code after return statement
JavaScript warning: https://duckduckgo.com/d2825.js, line 1: unreachable code after return statement
JavaScript warning: https://duckduckgo.com/d2825.js, line 1: unreachable code after return statement
JavaScript warning: https://duckduckgo.com/d2825.js, line 1: unreachable code after return statement
JavaScript warning: https://duckduckgo.com/d2825.js, line 1: unreachable code after return statement
JavaScript warning: https://duckduckgo.com/d2825.js, line 1: unreachable code after return statement
JavaScript warning: https://duckduckgo.com/d2825.js, line 1: unreachable code after return statement
JavaScript warning: https://duckduckgo.com/d2825.js, line 1: unreachable code after return statement
1594688492121	Marionette	INFO	Stopped listening on port 59445

###!!! [Child][RunMessage] Error: Channel closing: too late to send/recv, messages will be lost


###!!! [Child][MessageChannel::SendAndWait] Error: Channel error: cannot send/recv

1594688541385	mozrunner::runner	INFO	Running command: "D:\\Program Files (x86)\\Mozilla Firefox\\firefox.exe" "-marionette" "-foreground" "-no-remote" "-profile" "C:\\Users\\ESTEVA~1.SAN\\AppData\\Local\\Temp\\rust_mozprofileamfZDh"
JavaScript error: resource://gre/modules/XULStore.jsm, line 66: Error: Can't find profile directory.
1594688543316	Marionette	INFO	Listening on port 59501
1594688543416	Marionette	WARN	TLS certificate errors will be ignored for this session
JavaScript warning: https://duckduckgo.com/d2825.js, line 1: unreachable code after return statement
JavaScript warning: https://duckduckgo.com/d2825.js, line 1: unreachable code after return statement
JavaScript warning: https://duckduckgo.com/d2825.js, line 1: unreachable code after return statement
1594688544298	Marionette	INFO	Stopped listening on port 59501

###!!! [Child][RunMessage] Error: Channel closing: too late to send/recv, messages will be lost


###!!! [Child][MessageChannel::SendAndWait] Error: Channel error: cannot send/recv

1594688564254	mozrunner::runner	INFO	Running command: "D:\\Program Files (x86)\\Mozilla Firefox\\firefox.exe" "-marionette" "-foreground" "-no-remote" "-profile" "C:\\Users\\ESTEVA~1.SAN\\AppData\\Local\\Temp\\rust_mozprofilek996L1"
JavaScript error: resource://gre/modules/XULStore.jsm, line 66: Error: Can't find profile directory.
1594688566167	Marionette	INFO	Listening on port 59546
1594688566285	Marionette	WARN	TLS certificate errors will be ignored for this session
JavaScript warning: https://duckduckgo.com/d2825.js, line 1: unreachable code after return statement
JavaScript warning: https://duckduckgo.com/d2825.js, line 1: unreachable code after return statement
JavaScript warning: https://duckduckgo.com/d2825.js, line 1: unreachable code after return statement
JavaScript warning: https://duckduckgo.com/d2825.js, line 1: unreachable code after return statement
JavaScript warning: https://duckduckgo.com/d2825.js, line 1: unreachable code after return statement
JavaScript warning: https://duckduckgo.com/d2825.js, line 1: unreachable code after return statement
JavaScript warning: https://duckduckgo.com/d2825.js, line 1: unreachable code after return statement
JavaScript warning: https://duckduckgo.com/d2825.js, line 1: unreachable code after return statement
JavaScript warning: https://duckduckgo.com/d2825.js, line 1: unreachable code after return statement
1594688621432	Marionette	INFO	Stopped listening on port 59546

###!!! [Child][RunMessage] Error: Channel closing: too late to send/recv, messages will be lost


###!!! [Child][MessageChannel::SendAndWait] Error: Channel error: cannot send/recv

